+l
1	// 1. Write a C program to print your name.
2	#include <stdio.h>
3	
4	int main() 
5	{
6	    char str[100]; 
7	
8	    printf("Please enter your name: ");
9	    scanf("%s", str); 
10	
+b 5
Breakpoint 1 at 0x40146e: file c:\Users\dvpsp\github-classroom\FPC-advanced\fpc-advanced-classroom-1st-year-assignment-DvpsPranavi\set01\problem01.c, line 5.
+b 14
Breakpoint 2 at 0x4014a7: file c:\Users\dvpsp\github-classroom\FPC-advanced\fpc-advanced-classroom-1st-year-assignment-DvpsPranavi\set01\problem01.c, line 14.
+info b
Num     Type           Disp Enb Address    What
1       breakpoint     keep y   0x0040146e in main 
                                           at c:\Users\dvpsp\github-classroom\FPC-advanced\fpc-advanced-classroom-1st-year-assignment-DvpsPranavi\set01\problem01.c:5
2       breakpoint     keep y   0x004014a7 in main 
                                           at c:\Users\dvpsp\github-classroom\FPC-advanced\fpc-advanced-classroom-1st-year-assignment-DvpsPranavi\set01\problem01.c:14
+r
Starting program: c:\Users\dvpsp\github-classroom\FPC-advanced\fpc-advanced-classroom-1st-year-assignment-DvpsPranavi\set01/./problem01.exe 
[New Thread 18988.0x9b4c]
[New Thread 18988.0x9ab8]

Breakpoint 1, main ()
    at c:\Users\dvpsp\github-classroom\FPC-advanced\fpc-advanced-classroom-1st-year-assignment-DvpsPranavi\set01\problem01.c:8
8	    printf("Please enter your name: ");
+print result
No symbol "result" in current context.
+print str
$1 = "üþa\000=|¶t\b\000\000\000}\201µtc\201µt\b§PLà\022@\000à\022@\000\000\000\000\000`\031@\000Ðþa\000\bÿa\000Ìÿa\000páµtŒ†‹8þÿÿÿ\bÿa\000m‚µt`\031@\000Tÿa\000»\031@\000`\031@\000p\025«\000\000\000\000\000\000\200 "
+print s
No symbol "s" in current context.
+n
9	    scanf("%s", str); 
+cd "c:\Users\dvpsp\github-classroom\FPC-advanced\fpc-advanced-classroom-1st-year-assignment-DvpsPranavi\set01"
"c:\Users\dvpsp\github-classroom\FPC-advanced\fpc-advanced-classroom-1st-year-assignment-DvpsPranavi\set01": Invalid argument.
+gcc -g "c:\Users\dvpsp\github-classroom\FPC-advanced\fpc-advanced-classroom-1st-year-assignment-DvpsPranavi\set01\problem09.c" -o "c:\Users\dvpsp\github-classroom\FPC-advanced\fpc-advanced-classroom-1st-year-assignment-DvpsPranavi\set01\problem09.exe" 2>&1
Undefined command: "gcc".  Try "help".
+"c:\Users\dvpsp\github-classroom\FPC-advanced\fpc-advanced-classroom-1st-year-assignment-DvpsPranavi\set01\problem09.exe"
Undefined command: "".  Try "help".
+cd "c:\Users\dvpsp\github-classroom\FPC-advanced\fpc-advanced-classroom-1st-year-assignment-DvpsPranavi\set01"
"c:\Users\dvpsp\github-classroom\FPC-advanced\fpc-advanced-classroom-1st-year-assignment-DvpsPranavi\set01": Invalid argument.
+gcc -g "c:\Users\dvpsp\github-classroom\FPC-advanced\fpc-advanced-classroom-1st-year-assignment-DvpsPranavi\set01\problem09.c" -o "c:\Users\dvpsp\github-classroom\FPC-advanced\fpc-advanced-classroom-1st-year-assignment-DvpsPranavi\set01\problem09.exe" 2>&1
Undefined command: "gcc".  Try "help".
+"c:\Users\dvpsp\github-classroom\FPC-advanced\fpc-advanced-classroom-1st-year-assignment-DvpsPranavi\set01\problem09.exe"
Undefined command: "".  Try "help".
+q
A debugging session is active.

	Inferior 1 [process 18988] will be killed.

Quit anyway? (y or n) error return ../../gdb-7.6.1/gdb/windows-nat.c:1275 was 5
