+l
1	//6. Write a C program to compare three numbers using **pass by reference**
2	#include <stdio.h>
3	void input(int *a, int *b, int *c);
4	void compare(int a, int b, int c, int *largest);
5	void output(int a, int b, int c, int largest);
6	int main()
7	{
8	    int a,b,c,largest;
9	    input(&a,&b,&c);
10	    compare(a,b,c,&largest);
+b 8
Breakpoint 1 at 0x40146f: file c:\Users\dvpsp\github-classroom\FPC-advanced\fpc-advanced-classroom-1st-year-assignment-DvpsPranavi\set01\problem06.c, line 8.
+b 25
Breakpoint 2 at 0x401516: file c:\Users\dvpsp\github-classroom\FPC-advanced\fpc-advanced-classroom-1st-year-assignment-DvpsPranavi\set01\problem06.c, line 25.
+info b
Num     Type           Disp Enb Address    What
1       breakpoint     keep y   0x0040146f in main 
                                           at c:\Users\dvpsp\github-classroom\FPC-advanced\fpc-advanced-classroom-1st-year-assignment-DvpsPranavi\set01\problem06.c:8
2       breakpoint     keep y   0x00401516 in compare 
                                           at c:\Users\dvpsp\github-classroom\FPC-advanced\fpc-advanced-classroom-1st-year-assignment-DvpsPranavi\set01\problem06.c:25
+run
Starting program: C:\Users\dvpsp\github-classroom\FPC-advanced\fpc-advanced-classroom-1st-year-assignment-DvpsPranavi\set01/./problem06.exe 
[New Thread 14680.0x658c]
[New Thread 14680.0x5f7c]

Breakpoint 1, main ()
    at c:\Users\dvpsp\github-classroom\FPC-advanced\fpc-advanced-classroom-1st-year-assignment-DvpsPranavi\set01\problem06.c:9
9	    input(&a,&b,&c);
+n
10	    compare(a,b,c,&largest);
+n

Breakpoint 2, compare (a=4149248, b=0, c=14161264, largest=0x61ff10)
    at c:\Users\dvpsp\github-classroom\FPC-advanced\fpc-advanced-classroom-1st-year-assignment-DvpsPranavi\set01\problem06.c:25
25	  if(a>=b && a>=c)
+step
30	  if (b>=a && b>=c)
+r
The program being debugged has been started already.
Start it from the beginning? (y or n) Program not restarted.
+q
A debugging session is active.

	Inferior 1 [process 14680] will be killed.

Quit anyway? (y or n) error return ../../gdb-7.6.1/gdb/windows-nat.c:1275 was 5
